<?xml version="1.0" encoding="UTF-8"?>
<!-- Generated by org.testng.reporters.JUnitXMLReporter -->
<testsuite hostname="Lenovo" ignored="3" name="Test2" tests="2" failures="0" timestamp="16 Feb 2017 18:32:38 GMT" time="95.443" errors="0">
  <testcase name="testCreateEmployee" time="9.805" classname="com.scripts.page.CreateEmployee"/>
  <testcase name="testDeleteEmployee" time="67.182" classname="com.scripts.page.DeleteEmployee"/>
  <testcase name="@BeforeTest initGlobalVar" time="0.0" classname="com.base.pages.BaseTest">
    <ignored/>
  </testcase> <!-- @BeforeTest initGlobalVar -->
  <testcase name="@AfterSuite publishReport" time="0.0" classname="com.base.pages.BaseTest">
    <ignored/>
  </testcase> <!-- @AfterSuite publishReport -->
  <testcase name="@BeforeSuite initReport" time="0.0" classname="com.base.pages.BaseTest">
    <ignored/>
  </testcase> <!-- @BeforeSuite initReport -->
</testsuite> <!-- Test2 -->
